582
2 2
3 2
3 3
3 4
4 4
5 4
6 4
7 4
8 4
9 4
9 5
9 6
9 7
9 8
10 8
11 8
11 9
11 10
12 10
13 10
13 11
13 12
14 12
15 12
16 12
17 12
17 11
17 10
18 10
19 10
20 10
21 10
22 10
23 10
23 9
23 8
23 7
23 6
24 6
25 6
26 6
27 6
28 6
29 6
30 6
31 6
32 6
33 6
34 6
35 6
36 6
37 6
37 7
37 8
38 8
39 8
39 9
39 10
39 11
39 12
40 12
41 12
42 12
43 12
43 13
43 14
43 15
43 16
43 17
43 18
43 19
43 20
42 20
41 20
40 20
39 20
39 21
39 22
38 22
37 22
37 21
37 20
36 20
35 20
34 20
33 20
32 20
31 20
31 21
31 22
30 22
29 22
28 22
27 22
26 22
25 22
25 21
25 20
24 20
23 20
22 20
21 20
20 20
19 20
19 19
19 18
18 18
17 18
16 18
15 18
14 18
13 18
12 18
11 18
10 18
9 18
9 19
9 20
8 20
7 20
6 20
5 20
4 20
3 20
3 21
3 22
4 22
5 22
5 23
5 24
5 25
5 26
5 27
5 28
5 29
5 30
5 31
5 32
6 32
7 32
8 32
9 32
10 32
11 32
11 33
11 34
12 34
13 34
13 33
13 32
13 31
13 30
14 30
15 30
16 30
17 30
18 30
19 30
19 29
19 28
20 28
21 28
21 29
21 30
21 31
21 32
22 32
23 32
24 32
25 32
26 32
27 32
28 32
29 32
30 32
31 32
32 32
33 32
34 32
35 32
35 33
35 34
36 34
37 34
38 34
39 34
39 35
39 36
39 37
39 38
40 38
41 38
42 38
43 38
44 38
45 38
46 38
47 38
48 38
49 38
50 38
51 38
52 38
53 38
54 38
55 38
55 39
55 40
56 40
57 40
58 40
59 40
59 39
59 38
60 38
61 38
62 38
63 38
64 38
65 38
65 37
65 36
66 36
67 36
67 35
67 34
68 34
69 34
69 35
69 36
70 36
71 36
72 36
73 36
74 36
75 36
75 37
75 38
76 38
77 38
78 38
79 38
80 38
81 38
82 38
83 38
84 38
85 38
85 39
85 40
86 40
87 40
88 40
89 40
90 40
91 40
91 41
91 42
92 42
93 42
93 43
93 44
93 45
93 46
94 46
95 46
96 46
97 46
97 47
97 48
97 49
97 50
97 51
97 52
97 53
97 54
97 55
97 56
96 56
95 56
94 56
93 56
92 56
91 56
91 55
91 54
90 54
89 54
88 54
87 54
86 54
85 54
84 54
83 54
83 55
83 56
82 56
81 56
80 56
79 56
79 57
79 58
78 58
77 58
76 58
75 58
75 57
75 56
74 56
73 56
73 55
73 54
72 54
71 54
70 54
69 54
68 54
67 54
66 54
65 54
64 54
63 54
62 54
61 54
61 55
61 56
60 56
59 56
59 57
59 58
58 58
57 58
56 58
55 58
54 58
53 58
52 58
51 58
50 58
49 58
48 58
47 58
46 58
45 58
44 58
43 58
42 58
41 58
40 58
39 58
38 58
37 58
36 58
35 58
35 59
35 60
35 61
35 62
35 63
35 64
35 65
35 66
34 66
33 66
32 66
31 66
30 66
29 66
28 66
27 66
27 65
27 64
26 64
25 64
24 64
23 64
22 64
21 64
21 65
21 66
20 66
19 66
18 66
17 66
17 65
17 64
16 64
15 64
14 64
13 64
12 64
11 64
10 64
9 64
9 63
9 62
8 62
7 62
7 63
7 64
7 65
7 66
6 66
5 66
5 67
5 68
4 68
3 68
3 69
3 70
3 71
3 72
3 73
3 74
3 75
3 76
2 76
1 76
1 77
1 78
1 79
1 80
2 80
3 80
3 81
3 82
4 82
5 82
5 83
5 84
5 85
5 86
5 87
5 88
6 88
7 88
7 89
7 90
8 90
9 90
9 91
9 92
10 92
11 92
11 91
11 90
12 90
13 90
14 90
15 90
16 90
17 90
18 90
19 90
20 90
21 90
22 90
23 90
24 90
25 90
26 90
27 90
27 89
27 88
28 88
29 88
30 88
31 88
32 88
33 88
33 87
33 86
34 86
35 86
35 85
35 84
34 84
33 84
33 83
33 82
34 82
35 82
36 82
37 82
38 82
39 82
40 82
41 82
42 82
43 82
44 82
45 82
46 82
47 82
47 83
47 84
47 85
47 86
46 86
45 86
45 87
45 88
46 88
47 88
47 89
47 90
48 90
49 90
50 90
51 90
52 90
53 90
53 91
53 92
54 92
55 92
56 92
57 92
57 91
57 90
58 90
59 90
60 90
61 90
61 89
61 88
62 88
63 88
64 88
65 88
66 88
67 88
68 88
69 88
70 88
71 88
72 88
73 88
74 88
75 88
75 89
75 90
76 90
77 90
77 91
77 92
78 92
79 92
80 92
81 92
82 92
83 92
83 93
83 94
84 94
85 94
85 95
85 96
86 96
87 96
88 96
89 96
90 96
91 96
92 96
93 96
93 97
93 98
94 98
95 98
95 97
95 96
96 96
97 96
98 96
99 96
99 97
99 98
99 99
99 100
100 100
111111111111111111111111111111111111111111111111111111111111111111111111111*****11111111111111111111
1*1111111111111111111111111111111111111111111111111111111111111111111111111*111*11111111111111111111
1***111111111111111***111111111111111111111111111111111111111111111*********111***111111111111111111
111*111111111111111*1*111111111111111111111111111111111111111111111*1111111111111*111111111111111111
111*111111111111111*1***********111111111111111111111111111111111***1111111111111*******111111111111
111*111111111111111*11111111111*111111111111111111111111111111111*111111111111111111111*111111111111
111*111111111111111*11111111111*11111111111111111111111111111*****111111111111111111111***1111111111
111*111111111111111*11111111111*11111111111111111111111111111*111111111111111111111111111*1111111111
111*****111111111***11111111111*11111111111111111111111111111***1111111111111111111111111***11111111
1111111*111111111*1111111111111*1111111111111111111111111111111*111111111111111111111111111*11111111
1111111***1111111*1111111111111***11111111111111111111111111111*1111111111111111111111111***11111111
111111111*1111111*111111111111111*11111111111111111111111111111*1111111111111111111111111*1111111111
111111111***11111*11111111111*****11111111111111111111111111111*1111111111111111111111111*1111111111
11111111111*11111*11111111111*111111111111111111111111111111111*1111111111111111111111111*1111111111
11111111111*11111*11111111111*111111111111111111111111111111111*1111111111111111111111111*1111111111
11111111111*11111*11111111111*111111111111111111111111111111111*1111111111111111111111111*1111111111
111111111***11111*11111111111*111111111111111111111111111111111***11111111111111111111111*1111111111
111111111*1111111*11111111111*11111111111111111111111111111111111*11111111111111111111111*1111111111
111111111*1111111***1111111***11111111111111111111111111111111111*11111111111111111111111*1111111111
111111111*111111111*1111111*1111111111111111111111111111111111111*11111111111111111111111*1111111111
111111111*111111111*1111111*****1111111111111111111111111111111***11111111111111111111111*1111111111
111111111*111111111*11111111111*1111111111111111111111111111111*1111111111111111111111111*1111111111
11111*****111111111*11111111111*1111111111111111111111111111111*1111111111111111111111111*1111111111
11111*1111111111111*11111111111*1111111111111111111111111111111*1111111111111111111111111*1111111111
11111*1111111111111***111111111*1111111111111111111111111111111*1111111111111111111111111*1111111111
11111*111111111111111*111111111*1111111111111111111111111111111*1111111111111111111111111*1111111111
11111*111111111111111*111111111*1111111111111111111111111111111***111111111111111111111***1111111111
11111*111111111111111*111111111*111111111111111111111111111111111*111111111111111111111*111111111111
11111*111111111111111*111111111*111111111111111111111111111111111*111111111111111111111*111111111111
11111*111111111111111*111111111*111111111111111111111111111111111*111111111111111111111*111111111111
11111*1111111111111***111111111*111111111111111111111111111111111*111111111111111111111*111111111111
11111*1111111111111*11111111111*111111111111111111111111111111111*111111111111111111111*111111111111
11111*1111111111111*11111111111*111111111111111111111111111111111*111111111111111***1***111111111111
11111*1111111111111*11111111111*111111111111111111111111111111111*111111111111111*1*1*11111111111111
11111*1111111111111*11111111111***11111111111111111111111*********111111111111111*1***11111111111111
11111*1111111111111*1111111111111*11111111111111111111111*11111111111111111111111*111111111111111111
11111***11111111111***11111111111*11111111111111111111111*11111111111111111111111*111111111111111111
1111111*1111111111111*11111111111*11111111111111111111111*11111111111111111111111*111111111111111111
1111111*****1111111***11111111111*****1111111111111111111*11111111111111111111111*111111111111111111
11111111111*1111111*11111111111111111*1111111111111111111*11111111111111111111111*111111111111111111
11111111111*1111111*11111111111111111*1111111111111111111*11111111111111111111111*111111111111111111
11111111111*1111111*11111111111111111*1111111111111111111*11111111111111111111111*111111111111111111
11111111111*********11111111111111111*1111111111111111111*11111111111111111111111*111111111111111111
1111111111111111111111111111111111111*1111111111111111111*11111111111111111111111*111111111111111111
1111111111111111111111111111111111111*1111111111111111111*11111111111111111111111*111***111111111111
1111111111111111111111111111111111111*1111111111111111111*11111111111111111111111*111*1*111111111111
1111111111111111111111111111111111111*1111111111111111111*11111111111111111111111*****1***1111111111
1111111111111111111111111111111111111*1111111111111111111*1111111111111111111111111111111*1111111111
1111111111111111111111111111111111111*1111111111111111111*1111111111111111111111111111111*1111111111
1111111111111111111111111111111111111*1111111111111111111*1111111111111111111111111111111*1111111111
1111111111111111111111111111111111111*1111111111111111111*1111111111111111111111111111111*1111111111
1111111111111111111111111111111111111*1111111111111111111*1111111111111111111111111111111*1111111111
1111111111111111111111111111111111111*1111111111111111111*1111111111111111111111111111111***11111111
1111111111111111111111111111111111111*1111111111111111111*111111111111111111111111111111111*11111111
1111111111111111111111111111111111111***11111111111111111*111111111111111111111111111111111*11111111
111111111111111111111111111111111111111*11111111111111111*111111111111111111111111111111111*11111111
111111111111111111111111111111111111111*11111111111111111*1111111111111111111111111111111***11111111
111111111111111111111111111111111111111*11111111111111111*1111111111111111111111111111111*1111111111
1111111111111111111111111111111111111***111111111111111***1111111111111111111111111111111*1111111111
1111111111111111111111111111111111111*11111111111111111*111111111111111111111111111111111*1111111111
1111111111111111111111111111111111111*111111111111111***1111111111111111111111111111111***1111111111
1111111111111111111111111111111111111*111111111111111*111111111111111111111111111111111*111111111111
1111111111111111111111111111111111111*111111111111111*111111111111111111111111111111111*111111111111
1111111111111111111111111111111111111*111111111111111*111111111111111111111111111111111*111111111111
11111111111111111111111111111111111***111111111111111*111111111111111111111111111111111*111111111111
11111111111111111111111111111111111*11111111111111111*111111111111111111111111111111111*111111111111
111111111111111111111111111111111***11111111111111111*111111111111111111111111111111111*111111111111
111111111111111111111111111111111*1111111111111111111*111111111111111111111111111111111*111111111111
111111111111111111111111111111111***11111111111111111*111111111111111111111111111111111*111111111111
11111111111111111111111111111111111*11111111111111111*111111111111111111111111111111111*111111111111
11111111111111111111111111111111111*11111111111111111*111111111111111111111111111111111*111111111111
11111111111111111111111111111111111*11111111111111111*111111111111111111111111111111111*111111111111
11111111111111111111111111111111111*11111111111111111***1111111111111111111111111111111*111111111111
11111111111111111111111111111111111*1111111111111111111*1111111111111111111111111111111*111111111111
11111111111111111111111111111111111***11111111111111111***11111111111111111111111111111***1111111111
1111111111111111111111111111111111111*1111111111111111111*1111111111111111111111111111111*1111111111
1111111111111111111111111111111111111*1111111111111111111*1111111111111111111111111111111***11111111
1111111111111111111111111111111111111*1111111111111111111*111111111111111111111111111111111*11111111
1111111111111111111111111111111111111*11111111111111111***111111111111111111111111111111111*11111111
1111111111111111111111111111111111111*11111111111111111*11111111111111111111111111111111111*11111111
1111111111111111111111111111111111111*11111111111111111*11111111111111111111111111111111111*11111111
1111111111111111111111111111111111111*11111111111111111*11111111111111111111111111111111111*11111111
1111111111111111111111111111111111111*111111111111111***11111111111111111111111111111111111***111111
1111111111111111111111111111111111111*111111111111111*111111111111111111111111111111111111111*111111
1111111111111111111111111111111111111***1111111111111*111111111111111111111111111111111111111***1111
111111111111111111111111111111111111111*1111111111111*11111111111111111111111111111111111111111*1111
111111111111111111111111111111111111111*1111111111111*11111111111111111111111111111111111111111*1111
111111111111111111111111111111111111111*1111111111111*11111111111111111111111111111111111111111*1111
111111111111111111111111111111111111111*1111111111111*11111111111111111111111111111111111111111*1111
111111111111111111111111111111111111111*1111111111111*11111111111111111111111111111111111111111*1111
111111111111111111111111111111111111111***11111111111***111111111111111111111111111111111111111*1111
11111111111111111111111111111111111111111*1111111111111*111111111111111111111111111111111111111*1111
11111111111111111111111111111111111111111*****111111111*111111111111111111111111111111111111111***11
111111111111111111111111111111111111111111111*111111111*11111111111111111111111111111111111111111*11
111111111111111111111111111111111111111111111*111111111*111111111111111111111111111111111111111***11
111111111111111111111111111111111111111111111*111111111*111111111111111111111111111111111111111*1111
111111111111111111111111111111111111111111111***********111111111111111111111000001110101111111*1111
11111111111111111111111111111111111111111111111111111111111111111111111111111011101110101111111*1111
11111111111111111111111111111111111111111111111111111111111111111111111111111010000000011111111*****
111111111111111111111111111111111111111111111111111111111111111111111111111111111111111111111111111*
